<component name="libraryTable">
  <library name="junit:junit:4.4" type="repository">
    <properties maven-id="junit:junit:4.4" />
    <CLASSES>
      <root url="jar://$PROJECT_DIR$/lib/junit-4.4.jar!/" />
    </CLASSES>
    <JAVADOC>
      <root url="jar://$PROJECT_DIR$/lib/junit-4.4-javadoc.jar!/" />
    </JAVADOC>
    <SOURCES>
      <root url="jar://$PROJECT_DIR$/lib/junit-4.4-sources.jar!/" />
    </SOURCES>
  </library>
</component>